<?xml version="1.0" encoding="UTF-8"?>
<!-- Generated by org.testng.reporters.JUnitReportReporter -->
<testsuite hostname="DESKTOP-5T706GK" failures="0" tests="2" name="com.src.ITclass.NewTest" time="0.012" errors="0" timestamp="2023-12-01T20:03:35 EST" skipped="0">
  <testcase classname="com.src.ITclass.NewTest" name="Test2" time="0.001"/>
  <system-out/>
  <testcase classname="com.src.ITclass.NewTest" name="Test1" time="0.011"/>
  <system-out/>
</testsuite> <!-- com.src.ITclass.NewTest -->
